<?xml version="1.0" encoding="UTF-8"?>
<!-- Generated by org.testng.reporters.JUnitXMLReporter -->
<testsuite ignored="0" hostname="DESKTOP-7GV3L62" failures="0" tests="3" name="Surefire test" time="7.898" errors="0" timestamp="2026-09-02T08:31:07 GMT-07:00">
  <testcase classname="tests.LoginTest" name="invalidLoginTest" time="0.332"/>
  <testcase classname="tests.LoginTest" name="successfulLoginTest" time="0.42"/>
  <testcase classname="tests.ProductTest" name="productNavigationTest" time="1.019"/>
</testsuite> <!-- Surefire test -->
