<?xml version="1.0" encoding="UTF-8"?>
<testng-results ignored="0" total="3" passed="3" failed="0" skipped="0">
  <reporter-output>
  </reporter-output>
  <suite started-at="2026-09-02T08:30:59 GMT-07:00" name="Surefire suite" finished-at="2026-09-02T08:31:07 GMT-07:00" duration-ms="7898">
    <groups>
    </groups>
    <test started-at="2026-09-02T08:30:59 GMT-07:00" name="Surefire test" finished-at="2026-09-02T08:31:07 GMT-07:00" duration-ms="7898">
      <class name="tests.LoginTest">
        <test-method is-config="true" signature="setUp()[pri:0, instance:tests.LoginTest@548a102f]" started-at="2026-09-02T08:30:59 GMT-07:00" name="setUp" finished-at="2026-09-02T08:31:02 GMT-07:00" duration-ms="3065" status="PASS">
          <reporter-output>
          </reporter-output>
        </test-method> <!-- setUp -->
        <test-method signature="invalidLoginTest()[pri:0, instance:tests.LoginTest@548a102f]" started-at="2026-09-02T08:31:02 GMT-07:00" name="invalidLoginTest" finished-at="2026-09-02T08:31:03 GMT-07:00" duration-ms="332" status="PASS">
          <reporter-output>
          </reporter-output>
        </test-method> <!-- invalidLoginTest -->
        <test-method is-config="true" signature="tearDown()[pri:0, instance:tests.LoginTest@548a102f]" started-at="2026-09-02T08:31:03 GMT-07:00" name="tearDown" finished-at="2026-09-02T08:31:03 GMT-07:00" duration-ms="1" status="PASS">
          <reporter-output>
          </reporter-output>
        </test-method> <!-- tearDown -->
        <test-method is-config="true" signature="setUp()[pri:0, instance:tests.LoginTest@548a102f]" started-at="2026-09-02T08:31:03 GMT-07:00" name="setUp" finished-at="2026-09-02T08:31:04 GMT-07:00" duration-ms="1629" status="PASS">
          <reporter-output>
          </reporter-output>
        </test-method> <!-- setUp -->
        <test-method signature="successfulLoginTest()[pri:0, instance:tests.LoginTest@548a102f]" started-at="2026-09-02T08:31:04 GMT-07:00" name="successfulLoginTest" finished-at="2026-09-02T08:31:05 GMT-07:00" duration-ms="420" status="PASS">
          <reporter-output>
          </reporter-output>
        </test-method> <!-- successfulLoginTest -->
        <test-method is-config="true" signature="tearDown()[pri:0, instance:tests.LoginTest@548a102f]" started-at="2026-09-02T08:31:05 GMT-07:00" name="tearDown" finished-at="2026-09-02T08:31:05 GMT-07:00" duration-ms="0" status="PASS">
          <reporter-output>
          </reporter-output>
        </test-method> <!-- tearDown -->
      </class> <!-- tests.LoginTest -->
      <class name="tests.ProductTest">
        <test-method is-config="true" signature="setUp()[pri:0, instance:tests.ProductTest@5762806e]" started-at="2026-09-02T08:31:05 GMT-07:00" name="setUp" finished-at="2026-09-02T08:31:06 GMT-07:00" duration-ms="1394" status="PASS">
          <reporter-output>
          </reporter-output>
        </test-method> <!-- setUp -->
        <test-method signature="productNavigationTest()[pri:0, instance:tests.ProductTest@5762806e]" started-at="2026-09-02T08:31:06 GMT-07:00" name="productNavigationTest" finished-at="2026-09-02T08:31:07 GMT-07:00" duration-ms="1019" status="PASS">
          <reporter-output>
          </reporter-output>
        </test-method> <!-- productNavigationTest -->
        <test-method is-config="true" signature="tearDown()[pri:0, instance:tests.ProductTest@5762806e]" started-at="2026-09-02T08:31:07 GMT-07:00" name="tearDown" finished-at="2026-09-02T08:31:07 GMT-07:00" duration-ms="0" status="PASS">
          <reporter-output>
          </reporter-output>
        </test-method> <!-- tearDown -->
      </class> <!-- tests.ProductTest -->
    </test> <!-- Surefire test -->
  </suite> <!-- Surefire suite -->
</testng-results>
